# JRE version: OpenJDK Runtime Environment Temurin-21.0.7+6 (21.0.7+6) (build 21.0.7+6-LTS)
# Java VM: OpenJDK 64-Bit Server VM Temurin-21.0.7+6 (21.0.7+6-LTS, mixed mode, sharing, tiered, compressed oops, compressed class ptrs, parallel gc, linux-amd64)
GC Precious Log:
 CardTable entry size: 512
 CPUs: 8 total, 8 available
 Memory: 7632M
 Large Page Support: Disabled
 NUMA Support: Disabled
 Compressed Oops: Enabled (32-bit)
 Alignments: Space 512K, Generation 512K, Heap 2M
 Heap Min Capacity: 100M
 Heap Initial Capacity: 100M
 Heap Max Capacity: 2G
 Pre-touch: Disabled
 Parallel Workers: 8
Heap:
 PSYoungGen      total 7680K, used 7488K [0x00000000d5580000, 0x00000000d5f80000, 0x0000000100000000)
  eden space 5632K, 100% used [0x00000000d5580000,0x00000000d5b00000,0x00000000d5b00000)
  from space 2048K, 90% used [0x00000000d5d80000,0x00000000d5f50040,0x00000000d5f80000)
  to   space 2048K, 29% used [0x00000000d5b80000,0x00000000d5c18000,0x00000000d5d80000)
 ParOldGen       total 681472K, used 681306K [0x0000000080000000, 0x00000000a9980000, 0x00000000d5580000)
  object space 681472K, 99% used [0x0000000080000000,0x00000000a99569f8,0x00000000a9980000)
 Metaspace       used 93841K, committed 95552K, reserved 1179648K
  class space    used 9065K, committed 9856K, reserved 1048576K
GC Heap History (20 events):
Event: 1662,984 GC heap after
{Heap after GC invocations=4536 (full 6):
 PSYoungGen      total 6144K, used 224K [0x00000000d5580000, 0x00000000d5c80000, 0x0000000100000000)
  eden space 5632K, 0% used [0x00000000d5580000,0x00000000d5580000,0x00000000d5b00000)
  from space 512K, 43% used [0x00000000d5b80000,0x00000000d5bb8000,0x00000000d5c00000)
  to   space 512K, 0% used [0x00000000d5c00000,0x00000000d5c00000,0x00000000d5c80000)
 ParOldGen       total 676864K, used 676826K [0x0000000080000000, 0x00000000a9500000, 0x00000000d5580000)
  object space 676864K, 99% used [0x0000000080000000,0x00000000a94f6ab0,0x00000000a9500000)
 Metaspace       used 93550K, committed 95296K, reserved 1179648K
  class space    used 9054K, committed 9856K, reserved 1048576K
}
Event: 1663,008 GC heap before
{Heap before GC invocations=4537 (full 6):
 PSYoungGen      total 6144K, used 5856K [0x00000000d5580000, 0x00000000d5c80000, 0x0000000100000000)
  eden space 5632K, 100% used [0x00000000d5580000,0x00000000d5b00000,0x00000000d5b00000)
  from space 512K, 43% used [0x00000000d5b80000,0x00000000d5bb8000,0x00000000d5c00000)
  to   space 512K, 0% used [0x00000000d5c00000,0x00000000d5c00000,0x00000000d5c80000)
 ParOldGen       total 676864K, used 676826K [0x0000000080000000, 0x00000000a9500000, 0x00000000d5580000)
  object space 676864K, 99% used [0x0000000080000000,0x00000000a94f6ab0,0x00000000a9500000)
 Metaspace       used 93551K, committed 95296K, reserved 1179648K
  class space    used 9054K, committed 9856K, reserved 1048576K
}
Event: 1663,012 GC heap after
{Heap after GC invocations=4537 (full 6):
 PSYoungGen      total 6144K, used 320K [0x00000000d5580000, 0x00000000d5c80000, 0x0000000100000000)
  eden space 5632K, 0% used [0x00000000d5580000,0x00000000d5580000,0x00000000d5b00000)
  from space 512K, 62% used [0x00000000d5c00000,0x00000000d5c50000,0x00000000d5c80000)
  to   space 512K, 0% used [0x00000000d5b80000,0x00000000d5b80000,0x00000000d5c00000)
 ParOldGen       total 677376K, used 676874K [0x0000000080000000, 0x00000000a9580000, 0x00000000d5580000)
  object space 677376K, 99% used [0x0000000080000000,0x00000000a9502ab0,0x00000000a9580000)
 Metaspace       used 93551K, committed 95296K, reserved 1179648K
  class space    used 9054K, committed 9856K, reserved 1048576K
}
Event: 1663,031 GC heap before
{Heap before GC invocations=4538 (full 6):
 PSYoungGen      total 6144K, used 5952K [0x00000000d5580000, 0x00000000d5c80000, 0x0000000100000000)
  eden space 5632K, 100% used [0x00000000d5580000,0x00000000d5b00000,0x00000000d5b00000)
  from space 512K, 62% used [0x00000000d5c00000,0x00000000d5c50000,0x00000000d5c80000)
  to   space 512K, 0% used [0x00000000d5b80000,0x00000000d5b80000,0x00000000d5c00000)
 ParOldGen       total 677376K, used 676874K [0x0000000080000000, 0x00000000a9580000, 0x00000000d5580000)
  object space 677376K, 99% used [0x0000000080000000,0x00000000a9502ab0,0x00000000a9580000)
 Metaspace       used 93551K, committed 95296K, reserved 1179648K
  class space    used 9054K, committed 9856K, reserved 1048576K
}
Event: 1663,033 GC heap after
{Heap after GC invocations=4538 (full 6):
 PSYoungGen      total 6144K, used 320K [0x00000000d5580000, 0x00000000d5c80000, 0x0000000100000000)
  eden space 5632K, 0% used [0x00000000d5580000,0x00000000d5580000,0x00000000d5b00000)
  from space 512K, 62% used [0x00000000d5b80000,0x00000000d5bd0000,0x00000000d5c00000)
  to   space 512K, 0% used [0x00000000d5c00000,0x00000000d5c00000,0x00000000d5c80000)
 ParOldGen       total 677376K, used 677050K [0x0000000080000000, 0x00000000a9580000, 0x00000000d5580000)
  object space 677376K, 99% used [0x0000000080000000,0x00000000a952eab0,0x00000000a9580000)
 Metaspace       used 93551K, committed 95296K, reserved 1179648K
  class space    used 9054K, committed 9856K, reserved 1048576K
}
Event: 1663,054 GC heap before
{Heap before GC invocations=4539 (full 6):
 PSYoungGen      total 6144K, used 5952K [0x00000000d5580000, 0x00000000d5c80000, 0x0000000100000000)
  eden space 5632K, 100% used [0x00000000d5580000,0x00000000d5b00000,0x00000000d5b00000)
  from space 512K, 62% used [0x00000000d5b80000,0x00000000d5bd0000,0x00000000d5c00000)
  to   space 512K, 0% used [0x00000000d5c00000,0x00000000d5c00000,0x00000000d5c80000)
 ParOldGen       total 677376K, used 677050K [0x0000000080000000, 0x00000000a9580000, 0x00000000d5580000)
  object space 677376K, 99% used [0x0000000080000000,0x00000000a952eab0,0x00000000a9580000)
 Metaspace       used 93554K, committed 95296K, reserved 1179648K
  class space    used 9054K, committed 9856K, reserved 1048576K
}
Event: 1663,059 GC heap after
{Heap after GC invocations=4539 (full 6):
 PSYoungGen      total 6144K, used 352K [0x00000000d5580000, 0x00000000d5c80000, 0x0000000100000000)
  eden space 5632K, 0% used [0x00000000d5580000,0x00000000d5580000,0x00000000d5b00000)
  from space 512K, 68% used [0x00000000d5c00000,0x00000000d5c58000,0x00000000d5c80000)
  to   space 512K, 0% used [0x00000000d5b80000,0x00000000d5b80000,0x00000000d5c00000)
 ParOldGen       total 677376K, used 677242K [0x0000000080000000, 0x00000000a9580000, 0x00000000d5580000)
  object space 677376K, 99% used [0x0000000080000000,0x00000000a955eab0,0x00000000a9580000)
 Metaspace       used 93554K, committed 95296K, reserved 1179648K
  class space    used 9054K, committed 9856K, reserved 1048576K
}
Event: 1663,081 GC heap before
{Heap before GC invocations=4540 (full 6):
 PSYoungGen      total 6144K, used 5984K [0x00000000d5580000, 0x00000000d5c80000, 0x0000000100000000)
  eden space 5632K, 100% used [0x00000000d5580000,0x00000000d5b00000,0x00000000d5b00000)
  from space 512K, 68% used [0x00000000d5c00000,0x00000000d5c58000,0x00000000d5c80000)
  to   space 512K, 0% used [0x00000000d5b80000,0x00000000d5b80000,0x00000000d5c00000)
 ParOldGen       total 677376K, used 677242K [0x0000000080000000, 0x00000000a9580000, 0x00000000d5580000)
  object space 677376K, 99% used [0x0000000080000000,0x00000000a955eab0,0x00000000a9580000)
 Metaspace       used 93564K, committed 95296K, reserved 1179648K
  class space    used 9054K, committed 9856K, reserved 1048576K
}
Event: 1663,084 GC heap after
{Heap after GC invocations=4540 (full 6):
 PSYoungGen      total 6144K, used 352K [0x00000000d5580000, 0x00000000d5c80000, 0x0000000100000000)
  eden space 5632K, 0% used [0x00000000d5580000,0x00000000d5580000,0x00000000d5b00000)
  from space 512K, 68% used [0x00000000d5b80000,0x00000000d5bd8000,0x00000000d5c00000)
  to   space 512K, 0% used [0x00000000d5c00000,0x00000000d5c00000,0x00000000d5c80000)
 ParOldGen       total 677888K, used 677442K [0x0000000080000000, 0x00000000a9600000, 0x00000000d5580000)
  object space 677888K, 99% used [0x0000000080000000,0x00000000a9590ab0,0x00000000a9600000)
 Metaspace       used 93564K, committed 95296K, reserved 1179648K
  class space    used 9054K, committed 9856K, reserved 1048576K
}
Event: 1663,147 GC heap before
{Heap before GC invocations=4541 (full 6):
 PSYoungGen      total 6144K, used 5984K [0x00000000d5580000, 0x00000000d5c80000, 0x0000000100000000)
  eden space 5632K, 100% used [0x00000000d5580000,0x00000000d5b00000,0x00000000d5b00000)
  from space 512K, 68% used [0x00000000d5b80000,0x00000000d5bd8000,0x00000000d5c00000)
  to   space 512K, 0% used [0x00000000d5c00000,0x00000000d5c00000,0x00000000d5c80000)
 ParOldGen       total 677888K, used 677442K [0x0000000080000000, 0x00000000a9600000, 0x00000000d5580000)
  object space 677888K, 99% used [0x0000000080000000,0x00000000a9590ab0,0x00000000a9600000)
 Metaspace       used 93686K, committed 95424K, reserved 1179648K
  class space    used 9060K, committed 9856K, reserved 1048576K
}
Event: 1663,159 GC heap after
{Heap after GC invocations=4541 (full 6):
 PSYoungGen      total 6144K, used 352K [0x00000000d5580000, 0x00000000d5c80000, 0x0000000100000000)
  eden space 5632K, 0% used [0x00000000d5580000,0x00000000d5580000,0x00000000d5b00000)
  from space 512K, 68% used [0x00000000d5c00000,0x00000000d5c58010,0x00000000d5c80000)
  to   space 512K, 0% used [0x00000000d5b80000,0x00000000d5b80000,0x00000000d5c00000)
 ParOldGen       total 677888K, used 677650K [0x0000000080000000, 0x00000000a9600000, 0x00000000d5580000)
  object space 677888K, 99% used [0x0000000080000000,0x00000000a95c4ab0,0x00000000a9600000)
 Metaspace       used 93686K, committed 95424K, reserved 1179648K
  class space    used 9060K, committed 9856K, reserved 1048576K
}
Event: 1663,216 GC heap before
{Heap before GC invocations=4542 (full 6):
 PSYoungGen      total 6144K, used 5984K [0x00000000d5580000, 0x00000000d5c80000, 0x0000000100000000)
  eden space 5632K, 100% used [0x00000000d5580000,0x00000000d5b00000,0x00000000d5b00000)
  from space 512K, 68% used [0x00000000d5c00000,0x00000000d5c58010,0x00000000d5c80000)
  to   space 512K, 0% used [0x00000000d5b80000,0x00000000d5b80000,0x00000000d5c00000)
 ParOldGen       total 677888K, used 677650K [0x0000000080000000, 0x00000000a9600000, 0x00000000d5580000)
  object space 677888K, 99% used [0x0000000080000000,0x00000000a95c4ab0,0x00000000a9600000)
 Metaspace       used 93735K, committed 95488K, reserved 1179648K
  class space    used 9060K, committed 9856K, reserved 1048576K
}
Event: 1663,223 GC heap after
{Heap after GC invocations=4542 (full 6):
 PSYoungGen      total 6144K, used 480K [0x00000000d5580000, 0x00000000d5d00000, 0x0000000100000000)
  eden space 5632K, 0% used [0x00000000d5580000,0x00000000d5580000,0x00000000d5b00000)
  from space 512K, 93% used [0x00000000d5b80000,0x00000000d5bf8020,0x00000000d5c00000)
  to   space 1024K, 0% used [0x00000000d5c00000,0x00000000d5c00000,0x00000000d5d00000)
 ParOldGen       total 677888K, used 677850K [0x0000000080000000, 0x00000000a9600000, 0x00000000d5580000)
  object space 677888K, 99% used [0x0000000080000000,0x00000000a95f6ab0,0x00000000a9600000)
 Metaspace       used 93735K, committed 95488K, reserved 1179648K
  class space    used 9060K, committed 9856K, reserved 1048576K
}
Event: 1663,257 GC heap before
{Heap before GC invocations=4543 (full 6):
 PSYoungGen      total 6144K, used 6112K [0x00000000d5580000, 0x00000000d5d00000, 0x0000000100000000)
  eden space 5632K, 100% used [0x00000000d5580000,0x00000000d5b00000,0x00000000d5b00000)
  from space 512K, 93% used [0x00000000d5b80000,0x00000000d5bf8020,0x00000000d5c00000)
  to   space 1024K, 0% used [0x00000000d5c00000,0x00000000d5c00000,0x00000000d5d00000)
 ParOldGen       total 677888K, used 677850K [0x0000000080000000, 0x00000000a9600000, 0x00000000d5580000)
  object space 677888K, 99% used [0x0000000080000000,0x00000000a95f6ab0,0x00000000a9600000)
 Metaspace       used 93761K, committed 95488K, reserved 1179648K
  class space    used 9061K, committed 9856K, reserved 1048576K
}
Event: 1663,261 GC heap after
{Heap after GC invocations=4543 (full 6):
 PSYoungGen      total 6144K, used 352K [0x00000000d5580000, 0x00000000d5c80000, 0x0000000100000000)
  eden space 5632K, 0% used [0x00000000d5580000,0x00000000d5580000,0x00000000d5b00000)
  from space 512K, 68% used [0x00000000d5c00000,0x00000000d5c58000,0x00000000d5c80000)
  to   space 512K, 0% used [0x00000000d5b80000,0x00000000d5b80000,0x00000000d5c00000)
 ParOldGen       total 678400K, used 678202K [0x0000000080000000, 0x00000000a9680000, 0x00000000d5580000)
  object space 678400K, 99% used [0x0000000080000000,0x00000000a964ead0,0x00000000a9680000)
 Metaspace       used 93761K, committed 95488K, reserved 1179648K
  class space    used 9061K, committed 9856K, reserved 1048576K
}
Event: 1663,339 GC heap before
{Heap before GC invocations=4544 (full 6):
 PSYoungGen      total 6144K, used 5984K [0x00000000d5580000, 0x00000000d5c80000, 0x0000000100000000)
  eden space 5632K, 100% used [0x00000000d5580000,0x00000000d5b00000,0x00000000d5b00000)
  from space 512K, 68% used [0x00000000d5c00000,0x00000000d5c58000,0x00000000d5c80000)
  to   space 512K, 0% used [0x00000000d5b80000,0x00000000d5b80000,0x00000000d5c00000)
 ParOldGen       total 678400K, used 678202K [0x0000000080000000, 0x00000000a9680000, 0x00000000d5580000)
  object space 678400K, 99% used [0x0000000080000000,0x00000000a964ead0,0x00000000a9680000)
 Metaspace       used 93813K, committed 95552K, reserved 1179648K
  class space    used 9065K, committed 9856K, reserved 1048576K
}
Event: 1663,343 GC heap after
{Heap after GC invocations=4544 (full 6):
 PSYoungGen      total 6144K, used 486K [0x00000000d5580000, 0x00000000d6000000, 0x0000000100000000)
  eden space 5632K, 0% used [0x00000000d5580000,0x00000000d5580000,0x00000000d5b00000)
  from space 512K, 95% used [0x00000000d5b80000,0x00000000d5bf99c0,0x00000000d5c00000)
  to   space 2560K, 0% used [0x00000000d5d80000,0x00000000d5d80000,0x00000000d6000000)
 ParOldGen       total 679936K, used 679671K [0x0000000080000000, 0x00000000a9800000, 0x00000000d5580000)
  object space 679936K, 99% used [0x0000000080000000,0x00000000a97bde48,0x00000000a9800000)
 Metaspace       used 93813K, committed 95552K, reserved 1179648K
  class space    used 9065K, committed 9856K, reserved 1048576K
}
Event: 1663,392 GC heap before
{Heap before GC invocations=4545 (full 6):
 PSYoungGen      total 6144K, used 6118K [0x00000000d5580000, 0x00000000d6000000, 0x0000000100000000)
  eden space 5632K, 100% used [0x00000000d5580000,0x00000000d5b00000,0x00000000d5b00000)
  from space 512K, 95% used [0x00000000d5b80000,0x00000000d5bf99c0,0x00000000d5c00000)
  to   space 2560K, 0% used [0x00000000d5d80000,0x00000000d5d80000,0x00000000d6000000)
 ParOldGen       total 679936K, used 679671K [0x0000000080000000, 0x00000000a9800000, 0x00000000d5580000)
  object space 679936K, 99% used [0x0000000080000000,0x00000000a97bde48,0x00000000a9800000)
 Metaspace       used 93815K, committed 95552K, reserved 1179648K
  class space    used 9065K, committed 9856K, reserved 1048576K
}
Event: 1663,396 GC heap after
{Heap after GC invocations=4545 (full 6):
 PSYoungGen      total 7680K, used 1856K [0x00000000d5580000, 0x00000000d5f80000, 0x0000000100000000)
  eden space 5632K, 0% used [0x00000000d5580000,0x00000000d5580000,0x00000000d5b00000)
  from space 2048K, 90% used [0x00000000d5d80000,0x00000000d5f50040,0x00000000d5f80000)
  to   space 2048K, 0% used [0x00000000d5b80000,0x00000000d5b80000,0x00000000d5d80000)
 ParOldGen       total 680448K, used 680250K [0x0000000080000000, 0x00000000a9880000, 0x00000000d5580000)
  object space 680448K, 99% used [0x0000000080000000,0x00000000a984e9a0,0x00000000a9880000)
 Metaspace       used 93815K, committed 95552K, reserved 1179648K
  class space    used 9065K, committed 9856K, reserved 1048576K
}
Event: 1717,705 GC heap before
{Heap before GC invocations=4546 (full 6):
 PSYoungGen      total 7680K, used 7488K [0x00000000d5580000, 0x00000000d5f80000, 0x0000000100000000)
  eden space 5632K, 100% used [0x00000000d5580000,0x00000000d5b00000,0x00000000d5b00000)
  from space 2048K, 90% used [0x00000000d5d80000,0x00000000d5f50040,0x00000000d5f80000)
  to   space 2048K, 0% used [0x00000000d5b80000,0x00000000d5b80000,0x00000000d5d80000)
 ParOldGen       total 680448K, used 680250K [0x0000000080000000, 0x00000000a9880000, 0x00000000d5580000)
  object space 680448K, 99% used [0x0000000080000000,0x00000000a984e9a0,0x00000000a9880000)
 Metaspace       used 93841K, committed 95552K, reserved 1179648K
  class space    used 9065K, committed 9856K, reserved 1048576K
}

